<?xml version="1.0" encoding="UTF-8"?>
<testsuite xmlns:xsi="http://www.w3.org/2001/XMLSchema-instance" xsi:noNamespaceSchemaLocation="https://maven.apache.org/surefire/maven-surefire-plugin/xsd/surefire-test-report-3.0.xsd" version="3.0" name="org.fpij.jitakyoei.model.dao.AlunoTest" time="1.538" tests="11" errors="0" skipped="0" failures="6">
  <properties>
    <property name="sun.desktop" value="windows"/>
    <property name="awt.toolkit" value="sun.awt.windows.WToolkit"/>
    <property name="file.encoding.pkg" value="sun.io"/>
    <property name="java.specification.version" value="1.8"/>
    <property name="sun.cpu.isalist" value="amd64"/>
    <property name="sun.jnu.encoding" value="Cp1252"/>
    <property name="java.class.path" value="C:\Users\Ana Jéssica\OneDrive - FEI\Documents\PROJETOS\Sistema-de-Judocas\target\test-classes;C:\Users\Ana Jéssica\OneDrive - FEI\Documents\PROJETOS\Sistema-de-Judocas\target\classes;C:\Users\Ana Jéssica\OneDrive - FEI\Documents\PROJETOS\Sistema-de-Judocas\lib\genesis\dist\genesis-annotation-jdk5-3.2.jar;C:\Users\Ana Jéssica\OneDrive - FEI\Documents\PROJETOS\Sistema-de-Judocas\lib\genesis\dist\genesis-aspect-3.2.jar;C:\Users\Ana Jéssica\OneDrive - FEI\Documents\PROJETOS\Sistema-de-Judocas\lib\genesis\dist\genesis-client-3.2.jar;C:\Users\Ana Jéssica\OneDrive - FEI\Documents\PROJETOS\Sistema-de-Judocas\lib\genesis\dist\genesis-client-swing-3.2.jar;C:\Users\Ana Jéssica\OneDrive - FEI\Documents\PROJETOS\Sistema-de-Judocas\lib\genesis\dist\genesis-client-swt-3.2.jar;C:\Users\Ana Jéssica\OneDrive - FEI\Documents\PROJETOS\Sistema-de-Judocas\lib\genesis\dist\genesis-client-thinlet-3.2.jar;C:\Users\Ana Jéssica\OneDrive - FEI\Documents\PROJETOS\Sistema-de-Judocas\lib\genesis\dist\genesis-container-3.2.jar;C:\Users\Ana Jéssica\OneDrive - FEI\Documents\PROJETOS\Sistema-de-Judocas\lib\genesis\dist\genesis-server-3.2.jar;C:\Users\Ana Jéssica\OneDrive - FEI\Documents\PROJETOS\Sistema-de-Judocas\lib\genesis\dist\genesis-shared-3.2.jar;C:\Users\Ana Jéssica\OneDrive - FEI\Documents\PROJETOS\Sistema-de-Judocas\lib\genesis\dist\genesis-shared-annotated-3.2.jar;C:\Users\Ana Jéssica\OneDrive - FEI\Documents\PROJETOS\Sistema-de-Judocas\lib\forms.jar;C:\Users\Ana Jéssica\OneDrive - FEI\Documents\PROJETOS\Sistema-de-Judocas\lib\db4o-7.4.106.13438-java5.jar;C:\Users\Ana Jéssica\OneDrive - FEI\Documents\PROJETOS\Sistema-de-Judocas\lib\jcalendar-1.3.3.jar;C:\Users\Ana Jéssica\OneDrive - FEI\Documents\PROJETOS\Sistema-de-Judocas\lib\TableLayout.jar;C:\Users\Ana Jéssica\.m2\repository\junit\junit\4.12\junit-4.12.jar;C:\Users\Ana Jéssica\.m2\repository\org\hamcrest\hamcrest-core\1.3\hamcrest-core-1.3.jar;C:\Users\Ana Jéssica\.m2\repository\jmock\jmock-cglib\1.0.1\jmock-cglib-1.0.1.jar;C:\Users\Ana Jéssica\.m2\repository\jmock\jmock\1.0.1\jmock-1.0.1.jar;C:\Users\Ana Jéssica\.m2\repository\cglib\cglib-full\2.0\cglib-full-2.0.jar;C:\Users\Ana Jéssica\.m2\repository\org\mockito\mockito-scala-specs2_2.13\1.17.37\mockito-scala-specs2_2.13-1.17.37.jar;C:\Users\Ana Jéssica\.m2\repository\org\scala-lang\scala-library\2.13.14\scala-library-2.13.14.jar;C:\Users\Ana Jéssica\.m2\repository\org\mockito\mockito-scala_2.13\1.17.37\mockito-scala_2.13-1.17.37.jar;C:\Users\Ana Jéssica\.m2\repository\org\mockito\mockito-core\4.8.1\mockito-core-4.8.1.jar;C:\Users\Ana Jéssica\.m2\repository\net\bytebuddy\byte-buddy\1.12.16\byte-buddy-1.12.16.jar;C:\Users\Ana Jéssica\.m2\repository\net\bytebuddy\byte-buddy-agent\1.12.16\byte-buddy-agent-1.12.16.jar;C:\Users\Ana Jéssica\.m2\repository\org\objenesis\objenesis\3.2\objenesis-3.2.jar;C:\Users\Ana Jéssica\.m2\repository\org\scalactic\scalactic_2.13\3.2.19\scalactic_2.13-3.2.19.jar;C:\Users\Ana Jéssica\.m2\repository\ru\vyarus\generics-resolver\3.0.3\generics-resolver-3.0.3.jar;C:\Users\Ana Jéssica\.m2\repository\org\scala-lang\scala-reflect\2.13.14\scala-reflect-2.13.14.jar;C:\Users\Ana Jéssica\.m2\repository\org\scala-lang\modules\scala-parallel-collections_2.13\1.0.4\scala-parallel-collections_2.13-1.0.4.jar;"/>
    <property name="java.vm.vendor" value="OpenLogic-OpenJDK"/>
    <property name="sun.arch.data.model" value="64"/>
    <property name="user.variant" value=""/>
    <property name="java.vendor.url" value="http://java.oracle.com/"/>
    <property name="user.timezone" value="America/Sao_Paulo"/>
    <property name="java.vm.specification.version" value="1.8"/>
    <property name="os.name" value="Windows 11"/>
    <property name="user.country" value="BR"/>
    <property name="sun.java.launcher" value="SUN_STANDARD"/>
    <property name="sun.boot.library.path" value="C:\Program Files\OpenLogic\jdk-8.0.432.06-hotspot\jre\bin"/>
    <property name="sun.java.command" value="C:\Users\Ana Jéssica\AppData\Local\Temp\surefire7114202476629933666\surefirebooter7556059477876707730.jar C:\Users\Ana Jéssica\AppData\Local\Temp\surefire7114202476629933666 2024-12-02T00-36-32_694-jvmRun1 surefire591577854524601588tmp surefire_0553735109923940181tmp"/>
    <property name="surefire.test.class.path" value="C:\Users\Ana Jéssica\OneDrive - FEI\Documents\PROJETOS\Sistema-de-Judocas\target\test-classes;C:\Users\Ana Jéssica\OneDrive - FEI\Documents\PROJETOS\Sistema-de-Judocas\target\classes;C:\Users\Ana Jéssica\OneDrive - FEI\Documents\PROJETOS\Sistema-de-Judocas\lib\genesis\dist\genesis-annotation-jdk5-3.2.jar;C:\Users\Ana Jéssica\OneDrive - FEI\Documents\PROJETOS\Sistema-de-Judocas\lib\genesis\dist\genesis-aspect-3.2.jar;C:\Users\Ana Jéssica\OneDrive - FEI\Documents\PROJETOS\Sistema-de-Judocas\lib\genesis\dist\genesis-client-3.2.jar;C:\Users\Ana Jéssica\OneDrive - FEI\Documents\PROJETOS\Sistema-de-Judocas\lib\genesis\dist\genesis-client-swing-3.2.jar;C:\Users\Ana Jéssica\OneDrive - FEI\Documents\PROJETOS\Sistema-de-Judocas\lib\genesis\dist\genesis-client-swt-3.2.jar;C:\Users\Ana Jéssica\OneDrive - FEI\Documents\PROJETOS\Sistema-de-Judocas\lib\genesis\dist\genesis-client-thinlet-3.2.jar;C:\Users\Ana Jéssica\OneDrive - FEI\Documents\PROJETOS\Sistema-de-Judocas\lib\genesis\dist\genesis-container-3.2.jar;C:\Users\Ana Jéssica\OneDrive - FEI\Documents\PROJETOS\Sistema-de-Judocas\lib\genesis\dist\genesis-server-3.2.jar;C:\Users\Ana Jéssica\OneDrive - FEI\Documents\PROJETOS\Sistema-de-Judocas\lib\genesis\dist\genesis-shared-3.2.jar;C:\Users\Ana Jéssica\OneDrive - FEI\Documents\PROJETOS\Sistema-de-Judocas\lib\genesis\dist\genesis-shared-annotated-3.2.jar;C:\Users\Ana Jéssica\OneDrive - FEI\Documents\PROJETOS\Sistema-de-Judocas\lib\forms.jar;C:\Users\Ana Jéssica\OneDrive - FEI\Documents\PROJETOS\Sistema-de-Judocas\lib\db4o-7.4.106.13438-java5.jar;C:\Users\Ana Jéssica\OneDrive - FEI\Documents\PROJETOS\Sistema-de-Judocas\lib\jcalendar-1.3.3.jar;C:\Users\Ana Jéssica\OneDrive - FEI\Documents\PROJETOS\Sistema-de-Judocas\lib\TableLayout.jar;C:\Users\Ana Jéssica\.m2\repository\junit\junit\4.12\junit-4.12.jar;C:\Users\Ana Jéssica\.m2\repository\org\hamcrest\hamcrest-core\1.3\hamcrest-core-1.3.jar;C:\Users\Ana Jéssica\.m2\repository\jmock\jmock-cglib\1.0.1\jmock-cglib-1.0.1.jar;C:\Users\Ana Jéssica\.m2\repository\jmock\jmock\1.0.1\jmock-1.0.1.jar;C:\Users\Ana Jéssica\.m2\repository\cglib\cglib-full\2.0\cglib-full-2.0.jar;C:\Users\Ana Jéssica\.m2\repository\org\mockito\mockito-scala-specs2_2.13\1.17.37\mockito-scala-specs2_2.13-1.17.37.jar;C:\Users\Ana Jéssica\.m2\repository\org\scala-lang\scala-library\2.13.14\scala-library-2.13.14.jar;C:\Users\Ana Jéssica\.m2\repository\org\mockito\mockito-scala_2.13\1.17.37\mockito-scala_2.13-1.17.37.jar;C:\Users\Ana Jéssica\.m2\repository\org\mockito\mockito-core\4.8.1\mockito-core-4.8.1.jar;C:\Users\Ana Jéssica\.m2\repository\net\bytebuddy\byte-buddy\1.12.16\byte-buddy-1.12.16.jar;C:\Users\Ana Jéssica\.m2\repository\net\bytebuddy\byte-buddy-agent\1.12.16\byte-buddy-agent-1.12.16.jar;C:\Users\Ana Jéssica\.m2\repository\org\objenesis\objenesis\3.2\objenesis-3.2.jar;C:\Users\Ana Jéssica\.m2\repository\org\scalactic\scalactic_2.13\3.2.19\scalactic_2.13-3.2.19.jar;C:\Users\Ana Jéssica\.m2\repository\ru\vyarus\generics-resolver\3.0.3\generics-resolver-3.0.3.jar;C:\Users\Ana Jéssica\.m2\repository\org\scala-lang\scala-reflect\2.13.14\scala-reflect-2.13.14.jar;C:\Users\Ana Jéssica\.m2\repository\org\scala-lang\modules\scala-parallel-collections_2.13\1.0.4\scala-parallel-collections_2.13-1.0.4.jar;"/>
    <property name="sun.cpu.endian" value="little"/>
    <property name="user.home" value="C:\Users\Ana Jéssica"/>
    <property name="user.language" value="pt"/>
    <property name="java.specification.vendor" value="Oracle Corporation"/>
    <property name="java.home" value="C:\Program Files\OpenLogic\jdk-8.0.432.06-hotspot\jre"/>
    <property name="basedir" value="C:\Users\Ana Jéssica\OneDrive - FEI\Documents\PROJETOS\Sistema-de-Judocas"/>
    <property name="file.separator" value="\"/>
    <property name="line.separator" value="&#10;"/>
    <property name="java.vm.specification.vendor" value="Oracle Corporation"/>
    <property name="java.specification.name" value="Java Platform API Specification"/>
    <property name="java.awt.graphicsenv" value="sun.awt.Win32GraphicsEnvironment"/>
    <property name="surefire.real.class.path" value="C:\Users\Ana Jéssica\AppData\Local\Temp\surefire7114202476629933666\surefirebooter7556059477876707730.jar;C:\\Users\\Ana Jéssica\\.m2\\repository\\org\\jacoco\\org.jacoco.agent\\0.8.7\\org.jacoco.agent-0.8.7-runtime.jar"/>
    <property name="sun.boot.class.path" value="C:\Program Files\OpenLogic\jdk-8.0.432.06-hotspot\jre\lib\resources.jar;C:\Program Files\OpenLogic\jdk-8.0.432.06-hotspot\jre\lib\rt.jar;C:\Program Files\OpenLogic\jdk-8.0.432.06-hotspot\jre\lib\sunrsasign.jar;C:\Program Files\OpenLogic\jdk-8.0.432.06-hotspot\jre\lib\jsse.jar;C:\Program Files\OpenLogic\jdk-8.0.432.06-hotspot\jre\lib\jce.jar;C:\Program Files\OpenLogic\jdk-8.0.432.06-hotspot\jre\lib\charsets.jar;C:\Program Files\OpenLogic\jdk-8.0.432.06-hotspot\jre\lib\jfr.jar;C:\Program Files\OpenLogic\jdk-8.0.432.06-hotspot\jre\classes"/>
    <property name="user.script" value=""/>
    <property name="sun.management.compiler" value="HotSpot 64-Bit Tiered Compilers"/>
    <property name="java.runtime.version" value="1.8.0_432-432-b06"/>
    <property name="user.name" value="Ana Jéssica"/>
    <property name="path.separator" value=";"/>
    <property name="os.version" value="10.0"/>
    <property name="java.endorsed.dirs" value="C:\Program Files\OpenLogic\jdk-8.0.432.06-hotspot\jre\lib\endorsed"/>
    <property name="java.runtime.name" value="OpenJDK Runtime Environment"/>
    <property name="file.encoding" value="Cp1252"/>
    <property name="java.vm.name" value="OpenJDK 64-Bit Server VM"/>
    <property name="localRepository" value="C:\Users\Ana Jéssica\.m2\repository"/>
    <property name="java.vendor.url.bug" value="http://bugreport.sun.com/bugreport/"/>
    <property name="java.io.tmpdir" value="C:\Users\ANAJSS~1\AppData\Local\Temp\"/>
    <property name="java.version" value="1.8.0_432-432"/>
    <property name="user.dir" value="C:\Users\Ana Jéssica\OneDrive - FEI\Documents\PROJETOS\Sistema-de-Judocas"/>
    <property name="os.arch" value="amd64"/>
    <property name="java.vm.specification.name" value="Java Virtual Machine Specification"/>
    <property name="java.awt.printerjob" value="sun.awt.windows.WPrinterJob"/>
    <property name="sun.os.patch.level" value=""/>
    <property name="java.library.path" value="C:\Program Files\OpenLogic\jdk-8.0.432.06-hotspot\jre\bin;C:\WINDOWS\Sun\Java\bin;C:\WINDOWS\system32;C:\WINDOWS;C:\Users\Ana Jéssica\bin;C:\Program Files\Git\mingw64\bin;C:\Program Files\Git\usr\local\bin;C:\Program Files\Git\usr\bin;C:\Program Files\Git\usr\bin;C:\Program Files\Git\mingw64\bin;C:\Program Files\Git\usr\bin;C:\Users\Ana Jéssica\bin;C:\Program Files\OpenLogic\jdk-8.0.432.06-hotspot\bin;C:\Python312\Scripts;C:\Python312;C:\Program Files\Common Files\Oracle\Java\javapath;C:\Program Files (x86)\Common Files\Oracle\Java\java8path;C:\Program Files (x86)\Common Files\Oracle\Java\javapath;C:\WINDOWS\system32;C:\WINDOWS;C:\WINDOWS\System32\Wbem;C:\WINDOWS\System32\WindowsPowerShell\v1.0;C:\WINDOWS\System32\OpenSSH;C:\ProgramData\chocolatey\bin;C:\Program Files\nodejs;C:\Program Files\Git\cmd;C:\Program Files\apache-maven\apache-maven-3.9.9\bin;C:\Users\Ana Jéssica\AppData\Local\Microsoft\WindowsApps;C:\Users\Ana Jéssica\AppData\Local\Programs\Microsoft VS Code\bin;C:\Users\Ana Jéssica\AppData\Local\Microsoft\WinGet\Packages\Schniz.fnm_Microsoft.Winget.Source_8wekyb3d8bbwe;C:\Users\Ana Jéssica\AppData\Roaming\npm;C:\Program Files\Git\usr\bin\vendor_perl;C:\Program Files\Git\usr\bin\core_perl;."/>
    <property name="java.vm.info" value="mixed mode"/>
    <property name="java.vendor" value="OpenLogic-OpenJDK"/>
    <property name="java.vm.version" value="25.432-b06"/>
    <property name="java.specification.maintenance.version" value="6"/>
    <property name="java.ext.dirs" value="C:\Program Files\OpenLogic\jdk-8.0.432.06-hotspot\jre\lib\ext;C:\WINDOWS\Sun\Java\lib\ext"/>
    <property name="sun.io.unicode.encoding" value="UnicodeLittle"/>
    <property name="java.class.version" value="52.0"/>
  </properties>
  <testcase name="testDeletarAlunoInexistente" classname="org.fpij.jitakyoei.model.dao.AlunoTest" time="0.149">
    <failure message="Expected exception: java.lang.Exception" type="java.lang.AssertionError"><![CDATA[java.lang.AssertionError: Expected exception: java.lang.Exception
]]></failure>
  </testcase>
  <testcase name="testSearchAluno" classname="org.fpij.jitakyoei.model.dao.AlunoTest" time="0.225">
    <system-out><![CDATA[DAOImpl.save()
Nome: Aécio
RegistroCbj: null
DataNasc: Mon Dec 02 00:36:37 BRT 2024
E-mail: null
CPF: 036.464.453-27
]]></system-out>
  </testcase>
  <testcase name="testSalvarAlunoComDadosObrigatoriosAusentes" classname="org.fpij.jitakyoei.model.dao.AlunoTest" time="0.011">
    <failure message="Expected exception: java.lang.Exception" type="java.lang.AssertionError"><![CDATA[java.lang.AssertionError: Expected exception: java.lang.Exception
]]></failure>
    <system-out><![CDATA[DAOImpl.save()
Nome: null
RegistroCbj: null
DataNasc: null
E-mail: null
CPF: null
]]></system-out>
  </testcase>
  <testcase name="testSalvarAlunoComDadosInvalidos" classname="org.fpij.jitakyoei.model.dao.AlunoTest" time="0.011">
    <system-out><![CDATA[DAOImpl.save()
]]></system-out>
  </testcase>
  <testcase name="testSalvarAlunoComAssociassoes" classname="org.fpij.jitakyoei.model.dao.AlunoTest" time="0.012">
    <system-out><![CDATA[DAOImpl.save()
Nome: Aécio
RegistroCbj: null
DataNasc: Mon Dec 02 00:36:37 BRT 2024
E-mail: null
CPF: 036.464.453-27
]]></system-out>
  </testcase>
  <testcase name="testSearchAlunoInexistente" classname="org.fpij.jitakyoei.model.dao.AlunoTest" time="0.011"/>
  <testcase name="testAtualizarAlunoComDadosInvalidos" classname="org.fpij.jitakyoei.model.dao.AlunoTest" time="0.021">
    <failure message="Expected exception: java.lang.Exception" type="java.lang.AssertionError"><![CDATA[java.lang.AssertionError: Expected exception: java.lang.Exception
]]></failure>
    <system-out><![CDATA[DAOImpl.save()
Nome: Aécio
RegistroCbj: null
DataNasc: Mon Dec 02 00:36:37 BRT 2024
E-mail: null
CPF: 036.464.453-27
DAOImpl.save()
Nome: Aécio
RegistroCbj: null
DataNasc: Mon Dec 02 00:36:37 BRT 2024
E-mail: null
CPF: 123
]]></system-out>
  </testcase>
  <testcase name="testAtualizarAlunoComDadosObrigatoriosAusentes" classname="org.fpij.jitakyoei.model.dao.AlunoTest" time="0.029">
    <failure message="Expected exception: java.lang.Exception" type="java.lang.AssertionError"><![CDATA[java.lang.AssertionError: Expected exception: java.lang.Exception
]]></failure>
    <system-out><![CDATA[DAOImpl.save()
Nome: Aécio
RegistroCbj: null
DataNasc: Mon Dec 02 00:36:37 BRT 2024
E-mail: null
CPF: 123
DAOImpl.save()
Nome: null
RegistroCbj: null
DataNasc: Mon Dec 02 00:36:37 BRT 2024
E-mail: null
CPF: 123
]]></system-out>
  </testcase>
  <testcase name="testAtualizarAlunoInexistente" classname="org.fpij.jitakyoei.model.dao.AlunoTest" time="0.006">
    <failure message="Expected exception: java.lang.Exception" type="java.lang.AssertionError"><![CDATA[java.lang.AssertionError: Expected exception: java.lang.Exception
]]></failure>
  </testcase>
  <testcase name="testDeletarAluno" classname="org.fpij.jitakyoei.model.dao.AlunoTest" time="0.02">
    <system-out><![CDATA[DAOImpl.save()
Nome: null
RegistroCbj: null
DataNasc: Mon Dec 02 00:36:37 BRT 2024
E-mail: null
CPF: 123
]]></system-out>
  </testcase>
  <testcase name="testAtualizarAluno" classname="org.fpij.jitakyoei.model.dao.AlunoTest" time="0.013">
    <failure message="expected:&lt;Aécio&gt; but was:&lt;null&gt;" type="java.lang.AssertionError"><![CDATA[java.lang.AssertionError: expected:<Aécio> but was:<null>
	at org.fpij.jitakyoei.model.dao.AlunoTest.testAtualizarAluno(AlunoTest.java:113)
]]></failure>
    <system-out><![CDATA[DAOImpl.save()
Nome: null
RegistroCbj: null
DataNasc: Mon Dec 02 00:36:37 BRT 2024
E-mail: null
CPF: 123
]]></system-out>
  </testcase>
</testsuite>